{"contracts/AleKoin.sol":{"l":{"24":2,"36":12,"38":12,"39":12,"41":12,"45":1,"49":2,"53":0,"57":1,"67":12,"68":12,"70":12,"71":12,"72":12,"73":12,"74":12,"83":5,"107":0,"108":0,"109":0,"111":0,"112":0,"113":0,"114":0,"115":0,"116":0,"117":0,"119":0,"135":14,"136":14,"137":14,"147":15,"155":9,"156":9,"160":4,"161":4,"165":0,"166":0,"186":21,"187":21,"188":21,"189":21,"190":21,"191":21,"192":21,"193":21,"194":21,"195":21,"199":0,"201":0,"202":0,"204":0,"206":0,"207":0,"209":0,"211":0,"215":3,"216":3,"217":3,"218":3,"220":0,"224":1,"225":1,"226":1,"227":1,"229":0,"233":1,"235":1,"236":3,"237":3,"238":3,"243":1,"244":1,"248":3,"249":3,"253":1,"254":1,"259":0,"260":0,"261":0,"262":0},"path":"/Users/aleks/Desktop/dev/v3/contracts/AleKoin.sol","s":{"1":2,"2":12,"3":12,"4":12,"5":1,"6":2,"7":0,"8":1,"9":12,"10":12,"11":12,"12":12,"13":12,"14":12,"15":12,"16":5,"17":0,"18":0,"19":0,"20":0,"21":0,"22":0,"23":0,"24":0,"25":0,"26":0,"27":0,"28":14,"29":14,"30":14,"31":15,"32":9,"33":4,"34":0,"35":21,"36":21,"37":21,"38":21,"39":21,"40":21,"41":21,"42":21,"43":21,"44":21,"45":0,"46":0,"47":0,"48":0,"49":0,"50":0,"51":0,"52":3,"53":3,"54":3,"55":3,"56":0,"57":1,"58":1,"59":1,"60":1,"61":0,"62":1,"63":1,"64":3,"65":3,"66":3,"67":1,"68":1,"69":3,"70":3,"71":1,"72":1,"73":0,"74":0,"75":0,"76":0,"77":0},"b":{"1":[12,0],"2":[12,0],"3":[0,0],"4":[0,0],"5":[0,0],"6":[0,0],"7":[9,0],"8":[4,0],"9":[0,0],"10":[0,0],"11":[0,0],"12":[3,0],"13":[1,0],"14":[0,0]},"f":{"1":2,"2":12,"3":1,"4":2,"5":0,"6":1,"7":12,"8":5,"9":0,"10":14,"11":15,"12":9,"13":4,"14":0,"15":21,"16":0,"17":3,"18":1,"19":1,"20":1,"21":3,"22":1,"23":0},"fnMap":{"1":{"name":"totalSupply","line":23,"loc":{"start":{"line":23,"column":2},"end":{"line":23,"column":54}}},"2":{"name":"setTransaction","line":35,"loc":{"start":{"line":35,"column":3},"end":{"line":35,"column":63}}},"3":{"name":"getTransactionAccts","line":44,"loc":{"start":{"line":44,"column":4},"end":{"line":44,"column":64}}},"4":{"name":"getTransaction","line":48,"loc":{"start":{"line":48,"column":4},"end":{"line":48,"column":77}}},"5":{"name":"getTransactionAmout","line":52,"loc":{"start":{"line":52,"column":4},"end":{"line":52,"column":73}}},"6":{"name":"countTransactions","line":56,"loc":{"start":{"line":56,"column":4},"end":{"line":56,"column":57}}},"7":{"name":"transfer","line":66,"loc":{"start":{"line":66,"column":2},"end":{"line":66,"column":70}}},"8":{"name":"balanceOf","line":82,"loc":{"start":{"line":82,"column":2},"end":{"line":82,"column":66}}},"9":{"name":"transferFrom","line":106,"loc":{"start":{"line":106,"column":2},"end":{"line":106,"column":89}}},"10":{"name":"approve","line":134,"loc":{"start":{"line":134,"column":2},"end":{"line":134,"column":74}}},"11":{"name":"allowance","line":146,"loc":{"start":{"line":146,"column":2},"end":{"line":146,"column":84}}},"12":{"name":"managerOnly","line":154,"loc":{"start":{"line":154,"column":4},"end":{"line":154,"column":24}}},"13":{"name":"isActive","line":159,"loc":{"start":{"line":159,"column":4},"end":{"line":159,"column":20}}},"14":{"name":"isAllowed","line":164,"loc":{"start":{"line":164,"column":4},"end":{"line":164,"column":21}}},"15":{"name":"AleKoin","line":185,"loc":{"start":{"line":185,"column":5},"end":{"line":185,"column":27}}},"16":{"name":null,"line":198,"loc":{"start":{"line":198,"column":4},"end":{"line":198,"column":37}}},"17":{"name":"addToWhiteList","line":214,"loc":{"start":{"line":214,"column":4},"end":{"line":214,"column":95}}},"18":{"name":"removeFromWhiteList","line":223,"loc":{"start":{"line":223,"column":4},"end":{"line":223,"column":97}}},"19":{"name":"bulkTransfer","line":232,"loc":{"start":{"line":232,"column":4},"end":{"line":232,"column":90}}},"20":{"name":"updateFundsWallet","line":242,"loc":{"start":{"line":242,"column":4},"end":{"line":242,"column":66}}},"21":{"name":"deactivate","line":247,"loc":{"start":{"line":247,"column":4},"end":{"line":247,"column":42}}},"22":{"name":"reactivate","line":252,"loc":{"start":{"line":252,"column":4},"end":{"line":252,"column":42}}},"23":{"name":"approveAndCall","line":258,"loc":{"start":{"line":258,"column":4},"end":{"line":258,"column":116}}}},"statementMap":{"1":{"start":{"line":24,"column":4},"end":{"line":24,"column":23}},"2":{"start":{"line":36,"column":8},"end":{"line":36,"column":78}},"3":{"start":{"line":38,"column":8},"end":{"line":38,"column":48}},"4":{"start":{"line":39,"column":8},"end":{"line":39,"column":42}},"5":{"start":{"line":45,"column":8},"end":{"line":45,"column":31}},"6":{"start":{"line":49,"column":8},"end":{"line":49,"column":77}},"7":{"start":{"line":53,"column":8},"end":{"line":53,"column":42}},"8":{"start":{"line":57,"column":8},"end":{"line":57,"column":38}},"9":{"start":{"line":67,"column":4},"end":{"line":67,"column":29}},"10":{"start":{"line":68,"column":4},"end":{"line":68,"column":42}},"11":{"start":{"line":70,"column":4},"end":{"line":70,"column":58}},"12":{"start":{"line":71,"column":4},"end":{"line":71,"column":44}},"13":{"start":{"line":72,"column":4},"end":{"line":72,"column":42}},"14":{"start":{"line":73,"column":4},"end":{"line":73,"column":30}},"15":{"start":{"line":74,"column":4},"end":{"line":74,"column":15}},"16":{"start":{"line":83,"column":4},"end":{"line":83,"column":27}},"17":{"start":{"line":107,"column":4},"end":{"line":107,"column":29}},"18":{"start":{"line":108,"column":4},"end":{"line":108,"column":37}},"19":{"start":{"line":109,"column":4},"end":{"line":109,"column":48}},"20":{"start":{"line":111,"column":4},"end":{"line":111,"column":3341}},"21":{"start":{"line":112,"column":8},"end":{"line":112,"column":52}},"22":{"start":{"line":113,"column":8},"end":{"line":113,"column":48}},"23":{"start":{"line":114,"column":8},"end":{"line":114,"column":74}},"24":{"start":{"line":115,"column":8},"end":{"line":115,"column":34}},"25":{"start":{"line":116,"column":8},"end":{"line":116,"column":41}},"26":{"start":{"line":117,"column":8},"end":{"line":117,"column":19}},"27":{"start":{"line":119,"column":8},"end":{"line":119,"column":20}},"28":{"start":{"line":135,"column":4},"end":{"line":135,"column":41}},"29":{"start":{"line":136,"column":4},"end":{"line":136,"column":47}},"30":{"start":{"line":137,"column":4},"end":{"line":137,"column":15}},"31":{"start":{"line":147,"column":4},"end":{"line":147,"column":36}},"32":{"start":{"line":155,"column":8},"end":{"line":155,"column":85}},"33":{"start":{"line":160,"column":8},"end":{"line":160,"column":30}},"34":{"start":{"line":165,"column":8},"end":{"line":165,"column":103}},"35":{"start":{"line":186,"column":8},"end":{"line":186,"column":39}},"36":{"start":{"line":187,"column":8},"end":{"line":187,"column":36}},"37":{"start":{"line":188,"column":8},"end":{"line":188,"column":23}},"38":{"start":{"line":189,"column":8},"end":{"line":189,"column":20}},"39":{"start":{"line":190,"column":8},"end":{"line":190,"column":22}},"40":{"start":{"line":191,"column":8},"end":{"line":191,"column":20}},"41":{"start":{"line":192,"column":8},"end":{"line":192,"column":31}},"42":{"start":{"line":193,"column":8},"end":{"line":193,"column":31}},"43":{"start":{"line":194,"column":8},"end":{"line":194,"column":20}},"44":{"start":{"line":195,"column":8},"end":{"line":195,"column":35}},"45":{"start":{"line":199,"column":8},"end":{"line":199,"column":29}},"46":{"start":{"line":201,"column":8},"end":{"line":201,"column":48}},"47":{"start":{"line":202,"column":8},"end":{"line":202,"column":53}},"48":{"start":{"line":204,"column":8},"end":{"line":204,"column":47}},"49":{"start":{"line":206,"column":8},"end":{"line":206,"column":61}},"50":{"start":{"line":207,"column":8},"end":{"line":207,"column":59}},"51":{"start":{"line":209,"column":8},"end":{"line":209,"column":55}},"52":{"start":{"line":215,"column":8},"end":{"line":215,"column":7131}},"53":{"start":{"line":216,"column":12},"end":{"line":216,"column":46}},"54":{"start":{"line":217,"column":12},"end":{"line":217,"column":59}},"55":{"start":{"line":218,"column":12},"end":{"line":218,"column":23}},"56":{"start":{"line":220,"column":8},"end":{"line":220,"column":20}},"57":{"start":{"line":224,"column":8},"end":{"line":224,"column":7452}},"58":{"start":{"line":225,"column":12},"end":{"line":225,"column":44}},"59":{"start":{"line":226,"column":12},"end":{"line":226,"column":58}},"60":{"start":{"line":227,"column":12},"end":{"line":227,"column":23}},"61":{"start":{"line":229,"column":8},"end":{"line":229,"column":20}},"62":{"start":{"line":233,"column":8},"end":{"line":233,"column":36}},"63":{"start":{"line":235,"column":8},"end":{"line":235,"column":7808}},"64":{"start":{"line":236,"column":12},"end":{"line":236,"column":46}},"65":{"start":{"line":237,"column":12},"end":{"line":237,"column":47}},"66":{"start":{"line":238,"column":12},"end":{"line":238,"column":45}},"67":{"start":{"line":243,"column":8},"end":{"line":243,"column":32}},"68":{"start":{"line":244,"column":8},"end":{"line":244,"column":30}},"69":{"start":{"line":248,"column":8},"end":{"line":248,"column":21}},"70":{"start":{"line":249,"column":8},"end":{"line":249,"column":28}},"71":{"start":{"line":253,"column":8},"end":{"line":253,"column":20}},"72":{"start":{"line":254,"column":8},"end":{"line":254,"column":28}},"73":{"start":{"line":259,"column":8},"end":{"line":259,"column":45}},"74":{"start":{"line":260,"column":8},"end":{"line":260,"column":51}},"75":{"start":{"line":261,"column":8},"end":{"line":261,"column":154}},"76":{"start":{"line":261,"column":145},"end":{"line":261,"column":152}},"77":{"start":{"line":262,"column":8},"end":{"line":262,"column":19}}},"branchMap":{"1":{"line":67,"type":"if","locations":[{"start":{"line":67,"column":4},"end":{"line":67,"column":4}},{"start":{"line":67,"column":4},"end":{"line":67,"column":4}}]},"2":{"line":68,"type":"if","locations":[{"start":{"line":68,"column":4},"end":{"line":68,"column":4}},{"start":{"line":68,"column":4},"end":{"line":68,"column":4}}]},"3":{"line":107,"type":"if","locations":[{"start":{"line":107,"column":4},"end":{"line":107,"column":4}},{"start":{"line":107,"column":4},"end":{"line":107,"column":4}}]},"4":{"line":108,"type":"if","locations":[{"start":{"line":108,"column":4},"end":{"line":108,"column":4}},{"start":{"line":108,"column":4},"end":{"line":108,"column":4}}]},"5":{"line":109,"type":"if","locations":[{"start":{"line":109,"column":4},"end":{"line":109,"column":4}},{"start":{"line":109,"column":4},"end":{"line":109,"column":4}}]},"6":{"line":111,"type":"if","locations":[{"start":{"line":111,"column":4},"end":{"line":111,"column":4}},{"start":{"line":111,"column":4},"end":{"line":111,"column":4}}]},"7":{"line":155,"type":"if","locations":[{"start":{"line":155,"column":8},"end":{"line":155,"column":8}},{"start":{"line":155,"column":8},"end":{"line":155,"column":8}}]},"8":{"line":160,"type":"if","locations":[{"start":{"line":160,"column":8},"end":{"line":160,"column":8}},{"start":{"line":160,"column":8},"end":{"line":160,"column":8}}]},"9":{"line":165,"type":"if","locations":[{"start":{"line":165,"column":8},"end":{"line":165,"column":8}},{"start":{"line":165,"column":8},"end":{"line":165,"column":8}}]},"10":{"line":199,"type":"if","locations":[{"start":{"line":199,"column":8},"end":{"line":199,"column":8}},{"start":{"line":199,"column":8},"end":{"line":199,"column":8}}]},"11":{"line":204,"type":"if","locations":[{"start":{"line":204,"column":8},"end":{"line":204,"column":8}},{"start":{"line":204,"column":8},"end":{"line":204,"column":8}}]},"12":{"line":215,"type":"if","locations":[{"start":{"line":215,"column":8},"end":{"line":215,"column":8}},{"start":{"line":215,"column":8},"end":{"line":215,"column":8}}]},"13":{"line":224,"type":"if","locations":[{"start":{"line":224,"column":8},"end":{"line":224,"column":8}},{"start":{"line":224,"column":8},"end":{"line":224,"column":8}}]},"14":{"line":261,"type":"if","locations":[{"start":{"line":261,"column":8},"end":{"line":261,"column":8}},{"start":{"line":261,"column":8},"end":{"line":261,"column":8}}]}}}}