{"contracts/AleKoin.sol":{"l":{"24":2,"36":12,"38":12,"39":12,"41":12,"45":1,"49":2,"53":0,"57":1,"67":12,"68":12,"70":12,"71":12,"72":12,"73":12,"74":12,"83":5,"107":0,"108":0,"109":0,"111":0,"112":0,"113":0,"114":0,"115":0,"116":0,"117":0,"119":0,"135":14,"136":14,"137":14,"147":15,"155":41,"156":41,"160":0,"161":0,"181":27,"182":27,"183":27,"184":27,"185":27,"186":27,"187":27,"188":27,"189":27,"190":27,"194":0,"196":0,"197":0,"199":0,"201":0,"202":0,"204":0,"206":0,"210":33,"211":33,"212":33,"213":33,"214":33,"215":33,"218":0,"222":2,"223":2,"224":2,"225":2,"227":0,"231":6,"235":1,"237":1,"238":3,"239":3,"240":3,"245":2,"246":2,"250":4,"251":4,"255":2,"256":2,"261":0,"262":0,"263":0,"264":0},"path":"/Users/al/Desktop/alekoin/contracts/AleKoin.sol","s":{"1":2,"2":12,"3":12,"4":12,"5":1,"6":2,"7":0,"8":1,"9":12,"10":12,"11":12,"12":12,"13":12,"14":12,"15":12,"16":5,"17":0,"18":0,"19":0,"20":0,"21":0,"22":0,"23":0,"24":0,"25":0,"26":0,"27":0,"28":14,"29":14,"30":14,"31":15,"32":41,"33":0,"34":27,"35":27,"36":27,"37":27,"38":27,"39":27,"40":27,"41":27,"42":27,"43":27,"44":0,"45":0,"46":0,"47":0,"48":0,"49":0,"50":0,"51":33,"52":33,"53":33,"54":33,"55":33,"56":33,"57":0,"58":2,"59":2,"60":2,"61":2,"62":0,"63":6,"64":1,"65":1,"66":3,"67":3,"68":3,"69":2,"70":2,"71":4,"72":4,"73":2,"74":2,"75":0,"76":0,"77":0,"78":0,"79":0},"b":{"1":[12,0],"2":[12,0],"3":[0,0],"4":[0,0],"5":[0,0],"6":[0,0],"7":[41,0],"8":[0,0],"9":[0,0],"10":[0,0],"11":[33,0],"12":[2,0],"13":[0,0]},"f":{"1":2,"2":12,"3":1,"4":2,"5":0,"6":1,"7":12,"8":5,"9":0,"10":14,"11":15,"12":41,"13":0,"14":27,"15":0,"16":33,"17":2,"18":6,"19":1,"20":2,"21":4,"22":2,"23":0},"fnMap":{"1":{"name":"totalSupply","line":23,"loc":{"start":{"line":23,"column":4},"end":{"line":23,"column":54}}},"2":{"name":"setTransaction","line":35,"loc":{"start":{"line":35,"column":4},"end":{"line":35,"column":63}}},"3":{"name":"getTransactionAccts","line":44,"loc":{"start":{"line":44,"column":4},"end":{"line":44,"column":64}}},"4":{"name":"getTransaction","line":48,"loc":{"start":{"line":48,"column":4},"end":{"line":48,"column":77}}},"5":{"name":"getTransactionAmout","line":52,"loc":{"start":{"line":52,"column":4},"end":{"line":52,"column":73}}},"6":{"name":"countTransactions","line":56,"loc":{"start":{"line":56,"column":4},"end":{"line":56,"column":57}}},"7":{"name":"transfer","line":66,"loc":{"start":{"line":66,"column":4},"end":{"line":66,"column":70}}},"8":{"name":"balanceOf","line":82,"loc":{"start":{"line":82,"column":4},"end":{"line":82,"column":66}}},"9":{"name":"transferFrom","line":106,"loc":{"start":{"line":106,"column":4},"end":{"line":106,"column":89}}},"10":{"name":"approve","line":134,"loc":{"start":{"line":134,"column":4},"end":{"line":134,"column":74}}},"11":{"name":"allowance","line":146,"loc":{"start":{"line":146,"column":4},"end":{"line":146,"column":84}}},"12":{"name":"isActive","line":154,"loc":{"start":{"line":154,"column":4},"end":{"line":154,"column":20}}},"13":{"name":"isAllowed","line":159,"loc":{"start":{"line":159,"column":4},"end":{"line":159,"column":21}}},"14":{"name":null,"line":180,"loc":{"start":{"line":180,"column":4},"end":{"line":180,"column":15}}},"15":{"name":null,"line":193,"loc":{"start":{"line":193,"column":4},"end":{"line":193,"column":37}}},"16":{"name":"addToWhiteList","line":209,"loc":{"start":{"line":209,"column":4},"end":{"line":209,"column":83}}},"17":{"name":"removeFromWhiteList","line":221,"loc":{"start":{"line":221,"column":4},"end":{"line":221,"column":85}}},"18":{"name":"confirmWhiteListStatus","line":230,"loc":{"start":{"line":230,"column":4},"end":{"line":230,"column":87}}},"19":{"name":"bulkTransfer","line":234,"loc":{"start":{"line":234,"column":4},"end":{"line":234,"column":90}}},"20":{"name":"updateFundsWallet","line":244,"loc":{"start":{"line":244,"column":4},"end":{"line":244,"column":54}}},"21":{"name":"deactivate","line":249,"loc":{"start":{"line":249,"column":4},"end":{"line":249,"column":30}}},"22":{"name":"reactivate","line":254,"loc":{"start":{"line":254,"column":4},"end":{"line":254,"column":30}}},"23":{"name":"approveAndCall","line":260,"loc":{"start":{"line":260,"column":4},"end":{"line":260,"column":116}}}},"statementMap":{"1":{"start":{"line":24,"column":8},"end":{"line":24,"column":27}},"2":{"start":{"line":36,"column":8},"end":{"line":36,"column":78}},"3":{"start":{"line":38,"column":8},"end":{"line":38,"column":48}},"4":{"start":{"line":39,"column":8},"end":{"line":39,"column":42}},"5":{"start":{"line":45,"column":8},"end":{"line":45,"column":31}},"6":{"start":{"line":49,"column":8},"end":{"line":49,"column":77}},"7":{"start":{"line":53,"column":8},"end":{"line":53,"column":42}},"8":{"start":{"line":57,"column":8},"end":{"line":57,"column":38}},"9":{"start":{"line":67,"column":8},"end":{"line":67,"column":33}},"10":{"start":{"line":68,"column":8},"end":{"line":68,"column":46}},"11":{"start":{"line":70,"column":8},"end":{"line":70,"column":62}},"12":{"start":{"line":71,"column":8},"end":{"line":71,"column":48}},"13":{"start":{"line":72,"column":8},"end":{"line":72,"column":46}},"14":{"start":{"line":73,"column":8},"end":{"line":73,"column":34}},"15":{"start":{"line":74,"column":8},"end":{"line":74,"column":19}},"16":{"start":{"line":83,"column":8},"end":{"line":83,"column":31}},"17":{"start":{"line":107,"column":8},"end":{"line":107,"column":33}},"18":{"start":{"line":108,"column":8},"end":{"line":108,"column":41}},"19":{"start":{"line":109,"column":8},"end":{"line":109,"column":52}},"20":{"start":{"line":111,"column":8},"end":{"line":111,"column":3526}},"21":{"start":{"line":112,"column":12},"end":{"line":112,"column":56}},"22":{"start":{"line":113,"column":12},"end":{"line":113,"column":52}},"23":{"start":{"line":114,"column":12},"end":{"line":114,"column":78}},"24":{"start":{"line":115,"column":12},"end":{"line":115,"column":38}},"25":{"start":{"line":116,"column":12},"end":{"line":116,"column":45}},"26":{"start":{"line":117,"column":12},"end":{"line":117,"column":23}},"27":{"start":{"line":119,"column":12},"end":{"line":119,"column":24}},"28":{"start":{"line":135,"column":8},"end":{"line":135,"column":45}},"29":{"start":{"line":136,"column":8},"end":{"line":136,"column":51}},"30":{"start":{"line":137,"column":8},"end":{"line":137,"column":19}},"31":{"start":{"line":147,"column":8},"end":{"line":147,"column":40}},"32":{"start":{"line":155,"column":8},"end":{"line":155,"column":30}},"33":{"start":{"line":160,"column":8},"end":{"line":160,"column":103}},"34":{"start":{"line":181,"column":8},"end":{"line":181,"column":39}},"35":{"start":{"line":182,"column":8},"end":{"line":182,"column":36}},"36":{"start":{"line":183,"column":8},"end":{"line":183,"column":23}},"37":{"start":{"line":184,"column":8},"end":{"line":184,"column":20}},"38":{"start":{"line":185,"column":8},"end":{"line":185,"column":22}},"39":{"start":{"line":186,"column":8},"end":{"line":186,"column":20}},"40":{"start":{"line":187,"column":8},"end":{"line":187,"column":31}},"41":{"start":{"line":188,"column":8},"end":{"line":188,"column":31}},"42":{"start":{"line":189,"column":8},"end":{"line":189,"column":20}},"43":{"start":{"line":190,"column":8},"end":{"line":190,"column":33}},"44":{"start":{"line":194,"column":8},"end":{"line":194,"column":29}},"45":{"start":{"line":196,"column":8},"end":{"line":196,"column":48}},"46":{"start":{"line":197,"column":8},"end":{"line":197,"column":53}},"47":{"start":{"line":199,"column":8},"end":{"line":199,"column":47}},"48":{"start":{"line":201,"column":8},"end":{"line":201,"column":61}},"49":{"start":{"line":202,"column":8},"end":{"line":202,"column":59}},"50":{"start":{"line":204,"column":8},"end":{"line":204,"column":55}},"51":{"start":{"line":210,"column":8},"end":{"line":210,"column":28}},"52":{"start":{"line":211,"column":8},"end":{"line":211,"column":7279}},"53":{"start":{"line":212,"column":12},"end":{"line":212,"column":46}},"54":{"start":{"line":213,"column":12},"end":{"line":213,"column":26}},"55":{"start":{"line":214,"column":12},"end":{"line":214,"column":59}},"56":{"start":{"line":215,"column":12},"end":{"line":215,"column":27}},"57":{"start":{"line":218,"column":8},"end":{"line":218,"column":23}},"58":{"start":{"line":222,"column":8},"end":{"line":222,"column":7625}},"59":{"start":{"line":223,"column":12},"end":{"line":223,"column":44}},"60":{"start":{"line":224,"column":12},"end":{"line":224,"column":58}},"61":{"start":{"line":225,"column":12},"end":{"line":225,"column":23}},"62":{"start":{"line":227,"column":8},"end":{"line":227,"column":20}},"63":{"start":{"line":231,"column":8},"end":{"line":231,"column":40}},"64":{"start":{"line":235,"column":8},"end":{"line":235,"column":36}},"65":{"start":{"line":237,"column":8},"end":{"line":237,"column":8122}},"66":{"start":{"line":238,"column":12},"end":{"line":238,"column":46}},"67":{"start":{"line":239,"column":12},"end":{"line":239,"column":47}},"68":{"start":{"line":240,"column":12},"end":{"line":240,"column":45}},"69":{"start":{"line":245,"column":8},"end":{"line":245,"column":32}},"70":{"start":{"line":246,"column":8},"end":{"line":246,"column":30}},"71":{"start":{"line":250,"column":8},"end":{"line":250,"column":21}},"72":{"start":{"line":251,"column":8},"end":{"line":251,"column":37}},"73":{"start":{"line":255,"column":8},"end":{"line":255,"column":20}},"74":{"start":{"line":256,"column":8},"end":{"line":256,"column":37}},"75":{"start":{"line":261,"column":8},"end":{"line":261,"column":45}},"76":{"start":{"line":262,"column":8},"end":{"line":262,"column":51}},"77":{"start":{"line":263,"column":8},"end":{"line":263,"column":154}},"78":{"start":{"line":263,"column":145},"end":{"line":263,"column":152}},"79":{"start":{"line":264,"column":8},"end":{"line":264,"column":19}}},"branchMap":{"1":{"line":67,"type":"if","locations":[{"start":{"line":67,"column":8},"end":{"line":67,"column":8}},{"start":{"line":67,"column":8},"end":{"line":67,"column":8}}]},"2":{"line":68,"type":"if","locations":[{"start":{"line":68,"column":8},"end":{"line":68,"column":8}},{"start":{"line":68,"column":8},"end":{"line":68,"column":8}}]},"3":{"line":107,"type":"if","locations":[{"start":{"line":107,"column":8},"end":{"line":107,"column":8}},{"start":{"line":107,"column":8},"end":{"line":107,"column":8}}]},"4":{"line":108,"type":"if","locations":[{"start":{"line":108,"column":8},"end":{"line":108,"column":8}},{"start":{"line":108,"column":8},"end":{"line":108,"column":8}}]},"5":{"line":109,"type":"if","locations":[{"start":{"line":109,"column":8},"end":{"line":109,"column":8}},{"start":{"line":109,"column":8},"end":{"line":109,"column":8}}]},"6":{"line":111,"type":"if","locations":[{"start":{"line":111,"column":8},"end":{"line":111,"column":8}},{"start":{"line":111,"column":8},"end":{"line":111,"column":8}}]},"7":{"line":155,"type":"if","locations":[{"start":{"line":155,"column":8},"end":{"line":155,"column":8}},{"start":{"line":155,"column":8},"end":{"line":155,"column":8}}]},"8":{"line":160,"type":"if","locations":[{"start":{"line":160,"column":8},"end":{"line":160,"column":8}},{"start":{"line":160,"column":8},"end":{"line":160,"column":8}}]},"9":{"line":194,"type":"if","locations":[{"start":{"line":194,"column":8},"end":{"line":194,"column":8}},{"start":{"line":194,"column":8},"end":{"line":194,"column":8}}]},"10":{"line":199,"type":"if","locations":[{"start":{"line":199,"column":8},"end":{"line":199,"column":8}},{"start":{"line":199,"column":8},"end":{"line":199,"column":8}}]},"11":{"line":211,"type":"if","locations":[{"start":{"line":211,"column":8},"end":{"line":211,"column":8}},{"start":{"line":211,"column":8},"end":{"line":211,"column":8}}]},"12":{"line":222,"type":"if","locations":[{"start":{"line":222,"column":8},"end":{"line":222,"column":8}},{"start":{"line":222,"column":8},"end":{"line":222,"column":8}}]},"13":{"line":263,"type":"if","locations":[{"start":{"line":263,"column":8},"end":{"line":263,"column":8}},{"start":{"line":263,"column":8},"end":{"line":263,"column":8}}]}}}}