TN:
SF:/Users/aleks/Desktop/dev/v3/contracts/AleKoin.sol
FN:23,totalSupply
FN:35,setTransaction
FN:44,getTransactionAccts
FN:48,getTransaction
FN:52,getTransactionAmout
FN:56,countTransactions
FN:66,transfer
FN:82,balanceOf
FN:106,transferFrom
FN:134,approve
FN:146,allowance
FN:154,managerOnly
FN:159,isActive
FN:164,isAllowed
FN:185,AleKoin
FN:198,
FN:214,addToWhiteList
FN:223,removeFromWhiteList
FN:232,bulkTransfer
FN:242,updateFundsWallet
FN:247,deactivate
FN:252,reactivate
FN:258,approveAndCall
FNF:23
FNH:18
FNDA:2,totalSupply
FNDA:12,setTransaction
FNDA:1,getTransactionAccts
FNDA:2,getTransaction
FNDA:0,getTransactionAmout
FNDA:1,countTransactions
FNDA:12,transfer
FNDA:5,balanceOf
FNDA:0,transferFrom
FNDA:14,approve
FNDA:15,allowance
FNDA:9,managerOnly
FNDA:4,isActive
FNDA:0,isAllowed
FNDA:21,AleKoin
FNDA:0,
FNDA:3,addToWhiteList
FNDA:1,removeFromWhiteList
FNDA:1,bulkTransfer
FNDA:1,updateFundsWallet
FNDA:3,deactivate
FNDA:1,reactivate
FNDA:0,approveAndCall
DA:24,2
DA:36,12
DA:38,12
DA:39,12
DA:41,12
DA:45,1
DA:49,2
DA:53,0
DA:57,1
DA:67,12
DA:68,12
DA:70,12
DA:71,12
DA:72,12
DA:73,12
DA:74,12
DA:83,5
DA:107,0
DA:108,0
DA:109,0
DA:111,0
DA:112,0
DA:113,0
DA:114,0
DA:115,0
DA:116,0
DA:117,0
DA:119,0
DA:135,14
DA:136,14
DA:137,14
DA:147,15
DA:155,9
DA:156,9
DA:160,4
DA:161,4
DA:165,0
DA:166,0
DA:186,21
DA:187,21
DA:188,21
DA:189,21
DA:190,21
DA:191,21
DA:192,21
DA:193,21
DA:194,21
DA:195,21
DA:199,0
DA:201,0
DA:202,0
DA:204,0
DA:206,0
DA:207,0
DA:209,0
DA:211,0
DA:215,3
DA:216,3
DA:217,3
DA:218,3
DA:220,0
DA:224,1
DA:225,1
DA:226,1
DA:227,1
DA:229,0
DA:233,1
DA:235,1
DA:236,3
DA:237,3
DA:238,3
DA:243,1
DA:244,1
DA:248,3
DA:249,3
DA:253,1
DA:254,1
DA:259,0
DA:260,0
DA:261,0
DA:262,0
LF:81
LH:53
BRDA:67,1,0,12
BRDA:67,1,1,0
BRDA:68,2,0,12
BRDA:68,2,1,0
BRDA:107,3,0,0
BRDA:107,3,1,0
BRDA:108,4,0,0
BRDA:108,4,1,0
BRDA:109,5,0,0
BRDA:109,5,1,0
BRDA:111,6,0,0
BRDA:111,6,1,0
BRDA:155,7,0,9
BRDA:155,7,1,0
BRDA:160,8,0,4
BRDA:160,8,1,0
BRDA:165,9,0,0
BRDA:165,9,1,0
BRDA:199,10,0,0
BRDA:199,10,1,0
BRDA:204,11,0,0
BRDA:204,11,1,0
BRDA:215,12,0,3
BRDA:215,12,1,0
BRDA:224,13,0,1
BRDA:224,13,1,0
BRDA:261,14,0,0
BRDA:261,14,1,0
BRF:28
BRH:6
end_of_record
